* Starting client
* Connecting to master process on port 20729
* Analyzing classpath: 
  - /home/gongas/Desktop/3ano2sem/ATS_Aulas/ATS/SpotifyUM_Maven/target/test-classes
  - /home/gongas/Desktop/3ano2sem/ATS_Aulas/ATS/SpotifyUM_Maven/target/classes
  - /home/gongas/.m2/repository/org/junit/jupiter/junit-jupiter/5.8.2/junit-jupiter-5.8.2.jar
  - /home/gongas/.m2/repository/org/junit/jupiter/junit-jupiter-api/5.8.2/junit-jupiter-api-5.8.2.jar
  - /home/gongas/.m2/repository/org/opentest4j/opentest4j/1.2.0/opentest4j-1.2.0.jar
  - /home/gongas/.m2/repository/org/junit/platform/junit-platform-commons/1.8.2/junit-platform-commons-1.8.2.jar
  - /home/gongas/.m2/repository/org/junit/jupiter/junit-jupiter-params/5.8.2/junit-jupiter-params-5.8.2.jar
  - /home/gongas/.m2/repository/org/pitest/pitest-junit5-plugin/1.2.2/pitest-junit5-plugin-1.2.2.jar
  - /home/gongas/.m2/repository/org/mockito/mockito-core/4.11.0/mockito-core-4.11.0.jar
  - /home/gongas/.m2/repository/net/bytebuddy/byte-buddy/1.12.19/byte-buddy-1.12.19.jar
  - /home/gongas/.m2/repository/net/bytebuddy/byte-buddy-agent/1.12.19/byte-buddy-agent-1.12.19.jar
  - /home/gongas/.m2/repository/org/objenesis/objenesis/3.3/objenesis-3.3.jar
  - /home/gongas/.m2/repository/org/junit/jupiter/junit-jupiter-engine/5.8.2/junit-jupiter-engine-5.8.2.jar
  - /home/gongas/.m2/repository/org/junit/platform/junit-platform-engine/1.8.2/junit-platform-engine-1.8.2.jar
  - /home/gongas/.m2/repository/org/apiguardian/apiguardian-api/1.1.2/apiguardian-api-1.1.2.jar
  - /home/gongas/.m2/repository/org/junit/vintage/junit-vintage-engine/5.8.2/junit-vintage-engine-5.8.2.jar
  - /home/gongas/.m2/repository/junit/junit/4.13.2/junit-4.13.2.jar
  - /home/gongas/.m2/repository/org/hamcrest/hamcrest-core/1.3/hamcrest-core-1.3.jar
  - /home/gongas/.m2/repository/net/jqwik/jqwik/1.7.3/jqwik-1.7.3.jar
  - /home/gongas/.m2/repository/net/jqwik/jqwik-api/1.7.3/jqwik-api-1.7.3.jar
  - /home/gongas/.m2/repository/net/jqwik/jqwik-web/1.7.3/jqwik-web-1.7.3.jar
  - /home/gongas/.m2/repository/net/jqwik/jqwik-time/1.7.3/jqwik-time-1.7.3.jar
  - /home/gongas/.m2/repository/net/jqwik/jqwik-engine/1.7.3/jqwik-engine-1.7.3.jar
* Finished analyzing classpath
* Generating tests for class org.Model.Music.MusicReproduction
* Test criteria:
  - Line Coverage
  - Branch Coverage
  - Exception
  - Mutation testing (weak)
  - Method-Output Coverage
  - Top-Level Method Coverage
  - No-Exception Top-Level Method Coverage
  - Context Branch Coverage
* Setting up search algorithm for whole suite generation
* Loaded 18 tests from /home/gongas/Desktop/3ano2sem/ATS_Aulas/ATS/SpotifyUM_Maven/.evosuite/evosuite-seeds/org.Model.Music.MusicReproduction.seed
* Total number of test goals: 
  - Line 20
  - Branch 9
  - Exception 0
  - MutationFactory 7
  - Output 16
  - Method 9
  - MethodNoException 9
  - CBranchFitnessFactory 9
* Using seed 1778266105441
* Starting evolution
* Search finished after 31s and 769 generations, 230463 statements, best individual has fitness: 3.5
* Writing sequences to pool
* Minimizing test suite
* Going to analyze the coverage criteria
* Coverage analysis for criterion LINE
* Coverage of criterion LINE: 100%
* Total number of goals: 20
* Number of covered goals: 20
* Coverage analysis for criterion BRANCH
* Coverage of criterion BRANCH: 100%
* Total number of goals: 9
* Number of covered goals: 9
* Coverage analysis for criterion EXCEPTION
* Coverage of criterion EXCEPTION: 100%
* Total number of goals: 1
* Number of covered goals: 1
* Coverage analysis for criterion WEAKMUTATION
* Coverage of criterion WEAKMUTATION: 100%
* Total number of goals: 7
* Number of covered goals: 7
* Coverage analysis for criterion OUTPUT
* Coverage of criterion OUTPUT: 81%
* Total number of goals: 16
* Number of covered goals: 13
* Coverage analysis for criterion METHOD
* Coverage of criterion METHOD: 100%
* Total number of goals: 9
* Number of covered goals: 9
* Coverage analysis for criterion METHODNOEXCEPTION
* Coverage of criterion METHODNOEXCEPTION: 100%
* Total number of goals: 9
* Number of covered goals: 9
* Coverage analysis for criterion CBRANCH
* Coverage of criterion CBRANCH: 100%
* Total number of goals: 9
* Number of covered goals: 9
* Generated 13 tests with total length 41
* Resulting test suite's coverage: 98% (average coverage for all fitness functions)
* Generating assertions
* Resulting test suite's mutation score: 78%
* Compiling and checking tests
* Writing JUnit test case 'MusicReproduction_ESTest' to /home/gongas/Desktop/3ano2sem/ATS_Aulas/ATS/SpotifyUM_Maven/.evosuite/tmp_2026_05_08_19_01_01/tests
* Done!

