* Starting client
* Connecting to master process on port 5603
* Analyzing classpath: 
  - /home/gongas/Desktop/3ano2sem/ATS_Aulas/ATS/SpotifyUM_Maven/target/test-classes
  - /home/gongas/Desktop/3ano2sem/ATS_Aulas/ATS/SpotifyUM_Maven/target/classes
  - /home/gongas/.m2/repository/org/junit/jupiter/junit-jupiter/5.8.2/junit-jupiter-5.8.2.jar
  - /home/gongas/.m2/repository/org/junit/jupiter/junit-jupiter-api/5.8.2/junit-jupiter-api-5.8.2.jar
  - /home/gongas/.m2/repository/org/opentest4j/opentest4j/1.2.0/opentest4j-1.2.0.jar
  - /home/gongas/.m2/repository/org/junit/platform/junit-platform-commons/1.8.2/junit-platform-commons-1.8.2.jar
  - /home/gongas/.m2/repository/org/junit/jupiter/junit-jupiter-params/5.8.2/junit-jupiter-params-5.8.2.jar
  - /home/gongas/.m2/repository/org/pitest/pitest-junit5-plugin/1.2.2/pitest-junit5-plugin-1.2.2.jar
  - /home/gongas/.m2/repository/org/mockito/mockito-core/4.11.0/mockito-core-4.11.0.jar
  - /home/gongas/.m2/repository/net/bytebuddy/byte-buddy/1.12.19/byte-buddy-1.12.19.jar
  - /home/gongas/.m2/repository/net/bytebuddy/byte-buddy-agent/1.12.19/byte-buddy-agent-1.12.19.jar
  - /home/gongas/.m2/repository/org/objenesis/objenesis/3.3/objenesis-3.3.jar
  - /home/gongas/.m2/repository/org/junit/jupiter/junit-jupiter-engine/5.8.2/junit-jupiter-engine-5.8.2.jar
  - /home/gongas/.m2/repository/org/junit/platform/junit-platform-engine/1.8.2/junit-platform-engine-1.8.2.jar
  - /home/gongas/.m2/repository/org/apiguardian/apiguardian-api/1.1.2/apiguardian-api-1.1.2.jar
  - /home/gongas/.m2/repository/org/junit/vintage/junit-vintage-engine/5.8.2/junit-vintage-engine-5.8.2.jar
  - /home/gongas/.m2/repository/junit/junit/4.13.2/junit-4.13.2.jar
  - /home/gongas/.m2/repository/org/hamcrest/hamcrest-core/1.3/hamcrest-core-1.3.jar
  - /home/gongas/.m2/repository/net/jqwik/jqwik/1.7.3/jqwik-1.7.3.jar
  - /home/gongas/.m2/repository/net/jqwik/jqwik-api/1.7.3/jqwik-api-1.7.3.jar
  - /home/gongas/.m2/repository/net/jqwik/jqwik-web/1.7.3/jqwik-web-1.7.3.jar
  - /home/gongas/.m2/repository/net/jqwik/jqwik-time/1.7.3/jqwik-time-1.7.3.jar
  - /home/gongas/.m2/repository/net/jqwik/jqwik-engine/1.7.3/jqwik-engine-1.7.3.jar
* Finished analyzing classpath
* Generating tests for class org.Controller.Controller
* Test criteria:
  - Line Coverage
  - Branch Coverage
  - Exception
  - Mutation testing (weak)
  - Method-Output Coverage
  - Top-Level Method Coverage
  - No-Exception Top-Level Method Coverage
  - Context Branch Coverage
* Setting up search algorithm for whole suite generation
* Loaded 90 tests from /home/gongas/Desktop/3ano2sem/ATS_Aulas/ATS/SpotifyUM_Maven/.evosuite/evosuite-seeds/org.Controller.Controller.seed
* Total number of test goals: 
  - Line 214
  - Branch 76
  - Exception 0
  - MutationFactory 285
  - Output 133
  - Method 52
  - MethodNoException 52
  - CBranchFitnessFactory 76
* Using seed 1778264080628
* Starting evolution
* Search finished after 114s and 287 generations, 153684 statements, best individual has fitness: 192.74707389803407
* Writing sequences to pool
* Minimizing test suite
* Going to analyze the coverage criteria
* Coverage analysis for criterion LINE
* Coverage of criterion LINE: 85%
* Total number of goals: 214
* Number of covered goals: 181
* Coverage analysis for criterion BRANCH
* Coverage of criterion BRANCH: 84%
* Total number of goals: 76
* Number of covered goals: 64
* Coverage analysis for criterion EXCEPTION
* Coverage of criterion EXCEPTION: 100%
* Total number of goals: 17
* Number of covered goals: 17
* Coverage analysis for criterion WEAKMUTATION
* Coverage of criterion WEAKMUTATION: 78%
* Total number of goals: 285
* Number of covered goals: 221
* Coverage analysis for criterion OUTPUT
* Coverage of criterion OUTPUT: 44%
* Total number of goals: 133
* Number of covered goals: 58
* Coverage analysis for criterion METHOD
* Coverage of criterion METHOD: 100%
* Total number of goals: 52
* Number of covered goals: 52
* Coverage analysis for criterion METHODNOEXCEPTION
* Coverage of criterion METHODNOEXCEPTION: 100%
* Total number of goals: 52
* Number of covered goals: 52
* Coverage analysis for criterion CBRANCH
* Coverage of criterion CBRANCH: 84%
* Total number of goals: 76
* Number of covered goals: 64
* Generated 99 tests with total length 289
* Resulting test suite's coverage: 84% (average coverage for all fitness functions)
* Generating assertions
* Resulting test suite's mutation score: 51%
* Compiling and checking tests
[MASTER] 19:16:51.568 [pool-2-thread-1] WARN  MSecurityManager - SUT asked for a runtime permission that EvoSuite does not recognize: net.bytebuddy.createJavaDispatcher
[MASTER] 19:16:51.828 [pool-2-thread-1] WARN  MSecurityManager - SUT asked for a runtime permission that EvoSuite does not recognize: net.bytebuddy.createJavaDispatcher
[MASTER] 19:16:52.182 [pool-2-thread-1] WARN  MSecurityManager - SUT asked for a runtime permission that EvoSuite does not recognize: net.bytebuddy.createJavaDispatcher
[MASTER] 19:16:52.479 [pool-2-thread-1] WARN  MSecurityManager - SUT asked for a runtime permission that EvoSuite does not recognize: net.bytebuddy.createJavaDispatcher
[MASTER] 19:16:52.771 [pool-2-thread-1] WARN  MSecurityManager - SUT asked for a runtime permission that EvoSuite does not recognize: net.bytebuddy.createJavaDispatcher
[MASTER] 19:16:53.050 [pool-2-thread-1] WARN  MSecurityManager - SUT asked for a runtime permission that EvoSuite does not recognize: net.bytebuddy.createJavaDispatcher
[MASTER] 19:16:53.488 [pool-2-thread-1] WARN  MSecurityManager - SUT asked for a runtime permission that EvoSuite does not recognize: net.bytebuddy.createJavaDispatcher
[MASTER] 19:16:53.760 [pool-2-thread-1] WARN  MSecurityManager - SUT asked for a runtime permission that EvoSuite does not recognize: net.bytebuddy.createJavaDispatcher
[MASTER] 19:16:54.034 [pool-2-thread-1] WARN  MSecurityManager - SUT asked for a runtime permission that EvoSuite does not recognize: net.bytebuddy.createJavaDispatcher
[MASTER] 19:16:54.300 [pool-2-thread-1] WARN  MSecurityManager - SUT asked for a runtime permission that EvoSuite does not recognize: net.bytebuddy.createJavaDispatcher
[MASTER] 19:16:54.596 [pool-2-thread-1] WARN  MSecurityManager - SUT asked for a runtime permission that EvoSuite does not recognize: net.bytebuddy.createJavaDispatcher
[MASTER] 19:16:54.862 [pool-2-thread-1] WARN  MSecurityManager - SUT asked for a runtime permission that EvoSuite does not recognize: net.bytebuddy.createJavaDispatcher
[MASTER] 19:16:55.117 [pool-2-thread-1] WARN  MSecurityManager - SUT asked for a runtime permission that EvoSuite does not recognize: net.bytebuddy.createJavaDispatcher
[MASTER] 19:16:55.391 [pool-2-thread-1] WARN  MSecurityManager - SUT asked for a runtime permission that EvoSuite does not recognize: net.bytebuddy.createJavaDispatcher
[MASTER] 19:16:55.663 [pool-2-thread-1] WARN  MSecurityManager - SUT asked for a runtime permission that EvoSuite does not recognize: net.bytebuddy.createJavaDispatcher
[MASTER] 19:16:55.980 [pool-2-thread-1] WARN  MSecurityManager - SUT asked for a runtime permission that EvoSuite does not recognize: net.bytebuddy.createJavaDispatcher
[MASTER] 19:16:56.273 [pool-2-thread-1] WARN  MSecurityManager - SUT asked for a runtime permission that EvoSuite does not recognize: net.bytebuddy.createJavaDispatcher
[MASTER] 19:16:56.578 [pool-2-thread-1] WARN  MSecurityManager - SUT asked for a runtime permission that EvoSuite does not recognize: net.bytebuddy.createJavaDispatcher
[MASTER] 19:16:56.875 [pool-2-thread-1] WARN  MSecurityManager - SUT asked for a runtime permission that EvoSuite does not recognize: net.bytebuddy.createJavaDispatcher
[MASTER] 19:16:57.134 [pool-2-thread-1] WARN  MSecurityManager - SUT asked for a runtime permission that EvoSuite does not recognize: net.bytebuddy.createJavaDispatcher
[MASTER] 19:16:57.399 [pool-2-thread-1] WARN  MSecurityManager - SUT asked for a runtime permission that EvoSuite does not recognize: net.bytebuddy.createJavaDispatcher
[MASTER] 19:16:57.676 [pool-2-thread-1] WARN  MSecurityManager - SUT asked for a runtime permission that EvoSuite does not recognize: net.bytebuddy.createJavaDispatcher
[MASTER] 19:16:57.980 [pool-2-thread-1] WARN  MSecurityManager - SUT asked for a runtime permission that EvoSuite does not recognize: net.bytebuddy.createJavaDispatcher
[MASTER] 19:16:58.265 [pool-2-thread-1] WARN  MSecurityManager - SUT asked for a runtime permission that EvoSuite does not recognize: net.bytebuddy.createJavaDispatcher
[MASTER] 19:16:58.572 [pool-2-thread-1] WARN  MSecurityManager - SUT asked for a runtime permission that EvoSuite does not recognize: net.bytebuddy.createJavaDispatcher
[MASTER] 19:16:58.839 [pool-2-thread-1] WARN  MSecurityManager - SUT asked for a runtime permission that EvoSuite does not recognize: net.bytebuddy.createJavaDispatcher
[MASTER] 19:16:59.110 [pool-2-thread-1] WARN  MSecurityManager - SUT asked for a runtime permission that EvoSuite does not recognize: net.bytebuddy.createJavaDispatcher
[MASTER] 19:16:59.394 [pool-2-thread-1] WARN  MSecurityManager - SUT asked for a runtime permission that EvoSuite does not recognize: net.bytebuddy.createJavaDispatcher
[MASTER] 19:16:59.666 [pool-2-thread-1] WARN  MSecurityManager - SUT asked for a runtime permission that EvoSuite does not recognize: net.bytebuddy.createJavaDispatcher
[MASTER] 19:16:59.981 [pool-2-thread-1] WARN  MSecurityManager - SUT asked for a runtime permission that EvoSuite does not recognize: net.bytebuddy.createJavaDispatcher
[MASTER] 19:17:00.517 [pool-2-thread-1] WARN  MSecurityManager - SUT asked for a runtime permission that EvoSuite does not recognize: net.bytebuddy.createJavaDispatcher
[MASTER] 19:17:00.815 [pool-2-thread-1] WARN  MSecurityManager - SUT asked for a runtime permission that EvoSuite does not recognize: net.bytebuddy.createJavaDispatcher
[MASTER] 19:17:01.080 [pool-2-thread-1] WARN  MSecurityManager - SUT asked for a runtime permission that EvoSuite does not recognize: net.bytebuddy.createJavaDispatcher
[MASTER] 19:17:01.370 [pool-2-thread-1] WARN  MSecurityManager - SUT asked for a runtime permission that EvoSuite does not recognize: net.bytebuddy.createJavaDispatcher
* Permissions denied during test execution: 
  - java.lang.RuntimePermission: 
         net.bytebuddy.createJavaDispatcher: 67
* Writing JUnit test case 'Controller_ESTest' to /home/gongas/Desktop/3ano2sem/ATS_Aulas/ATS/SpotifyUM_Maven/.evosuite/tmp_2026_05_08_19_01_01/tests
* Done!

