* Starting client
* Connecting to master process on port 13073
* Analyzing classpath: 
  - /home/gongas/Desktop/3ano2sem/ATS_Aulas/ATS/SpotifyUM_Maven/target/test-classes
  - /home/gongas/Desktop/3ano2sem/ATS_Aulas/ATS/SpotifyUM_Maven/target/classes
  - /home/gongas/.m2/repository/org/junit/jupiter/junit-jupiter/5.8.2/junit-jupiter-5.8.2.jar
  - /home/gongas/.m2/repository/org/junit/jupiter/junit-jupiter-api/5.8.2/junit-jupiter-api-5.8.2.jar
  - /home/gongas/.m2/repository/org/opentest4j/opentest4j/1.2.0/opentest4j-1.2.0.jar
  - /home/gongas/.m2/repository/org/junit/platform/junit-platform-commons/1.8.2/junit-platform-commons-1.8.2.jar
  - /home/gongas/.m2/repository/org/junit/jupiter/junit-jupiter-params/5.8.2/junit-jupiter-params-5.8.2.jar
  - /home/gongas/.m2/repository/org/pitest/pitest-junit5-plugin/1.2.2/pitest-junit5-plugin-1.2.2.jar
  - /home/gongas/.m2/repository/org/mockito/mockito-core/4.11.0/mockito-core-4.11.0.jar
  - /home/gongas/.m2/repository/net/bytebuddy/byte-buddy/1.12.19/byte-buddy-1.12.19.jar
  - /home/gongas/.m2/repository/net/bytebuddy/byte-buddy-agent/1.12.19/byte-buddy-agent-1.12.19.jar
  - /home/gongas/.m2/repository/org/objenesis/objenesis/3.3/objenesis-3.3.jar
  - /home/gongas/.m2/repository/org/junit/jupiter/junit-jupiter-engine/5.8.2/junit-jupiter-engine-5.8.2.jar
  - /home/gongas/.m2/repository/org/junit/platform/junit-platform-engine/1.8.2/junit-platform-engine-1.8.2.jar
  - /home/gongas/.m2/repository/org/apiguardian/apiguardian-api/1.1.2/apiguardian-api-1.1.2.jar
  - /home/gongas/.m2/repository/org/junit/vintage/junit-vintage-engine/5.8.2/junit-vintage-engine-5.8.2.jar
  - /home/gongas/.m2/repository/junit/junit/4.13.2/junit-4.13.2.jar
  - /home/gongas/.m2/repository/org/hamcrest/hamcrest-core/1.3/hamcrest-core-1.3.jar
  - /home/gongas/.m2/repository/net/jqwik/jqwik/1.7.3/jqwik-1.7.3.jar
  - /home/gongas/.m2/repository/net/jqwik/jqwik-api/1.7.3/jqwik-api-1.7.3.jar
  - /home/gongas/.m2/repository/net/jqwik/jqwik-web/1.7.3/jqwik-web-1.7.3.jar
  - /home/gongas/.m2/repository/net/jqwik/jqwik-time/1.7.3/jqwik-time-1.7.3.jar
  - /home/gongas/.m2/repository/net/jqwik/jqwik-engine/1.7.3/jqwik-engine-1.7.3.jar
* Finished analyzing classpath
* Generating tests for class org.View.AdminMenu
* Test criteria:
  - Line Coverage
  - Branch Coverage
  - Exception
  - Mutation testing (weak)
  - Method-Output Coverage
  - Top-Level Method Coverage
  - No-Exception Top-Level Method Coverage
  - Context Branch Coverage
* Setting up search algorithm for whole suite generation
* Loaded 35 tests from /home/gongas/Desktop/3ano2sem/ATS_Aulas/ATS/SpotifyUM_Maven/.evosuite/evosuite-seeds/org.View.AdminMenu.seed
* Total number of test goals: 
  - Line 74
  - Branch 22
  - Exception 0
  - MutationFactory 86
  - Output 0
  - Method 6
  - MethodNoException 6
  - CBranchFitnessFactory 22
* Using seed 1778264552140
* Starting evolution
* Search finished after 72s and 696 generations, 163756 statements, best individual has fitness: 35.666666666666664
* Writing sequences to pool
* Minimizing test suite
* Going to analyze the coverage criteria
* Coverage analysis for criterion LINE
* Coverage of criterion LINE: 74%
* Total number of goals: 74
* Number of covered goals: 55
* Coverage analysis for criterion BRANCH
* Coverage of criterion BRANCH: 73%
* Total number of goals: 22
* Number of covered goals: 16
* Coverage analysis for criterion EXCEPTION
* Coverage of criterion EXCEPTION: 100%
* Total number of goals: 19
* Number of covered goals: 19
* Coverage analysis for criterion WEAKMUTATION
* Coverage of criterion WEAKMUTATION: 84%
* Total number of goals: 86
* Number of covered goals: 72
* Coverage analysis for criterion OUTPUT
* Coverage of criterion OUTPUT: 100% (no goals)
* Coverage analysis for criterion METHOD
* Coverage of criterion METHOD: 100%
* Total number of goals: 6
* Number of covered goals: 6
* Coverage analysis for criterion METHODNOEXCEPTION
* Coverage of criterion METHODNOEXCEPTION: 100%
* Total number of goals: 6
* Number of covered goals: 6
* Coverage analysis for criterion CBRANCH
* Coverage of criterion CBRANCH: 73%
* Total number of goals: 22
* Number of covered goals: 16
* Generated 25 tests with total length 141
* Resulting test suite's coverage: 88% (average coverage for all fitness functions)
* Generating assertions
* Resulting test suite's mutation score: 22%
* Compiling and checking tests
[MASTER] 19:23:55.101 [pool-2-thread-1] WARN  MSecurityManager - SUT asked for a runtime permission that EvoSuite does not recognize: net.bytebuddy.createJavaDispatcher
* Permissions denied during test execution: 
  - java.io.FilePermission: 
         execute <<ALL FILES>>: 40256
  - java.lang.RuntimePermission: 
         net.bytebuddy.createJavaDispatcher: 1
  - java.net.SocketPermission: 
         connect,resolve 200.42.42.0:361: 1
         connect,resolve 192.168.1.42:2986: 1
         connect,resolve 127.0.0.1:1: 1
* Writing JUnit test case 'AdminMenu_ESTest' to /home/gongas/Desktop/3ano2sem/ATS_Aulas/ATS/SpotifyUM_Maven/.evosuite/tmp_2026_05_08_19_01_01/tests
* Done!

