* Starting client
* Connecting to master process on port 15903
* Analyzing classpath: 
  - /home/gongas/Desktop/3ano2sem/ATS_Aulas/ATS/SpotifyUM_Maven/target/test-classes
  - /home/gongas/Desktop/3ano2sem/ATS_Aulas/ATS/SpotifyUM_Maven/target/classes
  - /home/gongas/.m2/repository/org/junit/jupiter/junit-jupiter/5.8.2/junit-jupiter-5.8.2.jar
  - /home/gongas/.m2/repository/org/junit/jupiter/junit-jupiter-api/5.8.2/junit-jupiter-api-5.8.2.jar
  - /home/gongas/.m2/repository/org/opentest4j/opentest4j/1.2.0/opentest4j-1.2.0.jar
  - /home/gongas/.m2/repository/org/junit/platform/junit-platform-commons/1.8.2/junit-platform-commons-1.8.2.jar
  - /home/gongas/.m2/repository/org/junit/jupiter/junit-jupiter-params/5.8.2/junit-jupiter-params-5.8.2.jar
  - /home/gongas/.m2/repository/org/pitest/pitest-junit5-plugin/1.2.2/pitest-junit5-plugin-1.2.2.jar
  - /home/gongas/.m2/repository/org/mockito/mockito-core/4.11.0/mockito-core-4.11.0.jar
  - /home/gongas/.m2/repository/net/bytebuddy/byte-buddy/1.12.19/byte-buddy-1.12.19.jar
  - /home/gongas/.m2/repository/net/bytebuddy/byte-buddy-agent/1.12.19/byte-buddy-agent-1.12.19.jar
  - /home/gongas/.m2/repository/org/objenesis/objenesis/3.3/objenesis-3.3.jar
  - /home/gongas/.m2/repository/org/junit/jupiter/junit-jupiter-engine/5.8.2/junit-jupiter-engine-5.8.2.jar
  - /home/gongas/.m2/repository/org/junit/platform/junit-platform-engine/1.8.2/junit-platform-engine-1.8.2.jar
  - /home/gongas/.m2/repository/org/apiguardian/apiguardian-api/1.1.2/apiguardian-api-1.1.2.jar
  - /home/gongas/.m2/repository/org/junit/vintage/junit-vintage-engine/5.8.2/junit-vintage-engine-5.8.2.jar
  - /home/gongas/.m2/repository/junit/junit/4.13.2/junit-4.13.2.jar
  - /home/gongas/.m2/repository/org/hamcrest/hamcrest-core/1.3/hamcrest-core-1.3.jar
  - /home/gongas/.m2/repository/net/jqwik/jqwik/1.7.3/jqwik-1.7.3.jar
  - /home/gongas/.m2/repository/net/jqwik/jqwik-api/1.7.3/jqwik-api-1.7.3.jar
  - /home/gongas/.m2/repository/net/jqwik/jqwik-web/1.7.3/jqwik-web-1.7.3.jar
  - /home/gongas/.m2/repository/net/jqwik/jqwik-time/1.7.3/jqwik-time-1.7.3.jar
  - /home/gongas/.m2/repository/net/jqwik/jqwik-engine/1.7.3/jqwik-engine-1.7.3.jar
* Finished analyzing classpath
* Generating tests for class org.Model.Music.MusicMultimedia
* Test criteria:
  - Line Coverage
  - Branch Coverage
  - Exception
  - Mutation testing (weak)
  - Method-Output Coverage
  - Top-Level Method Coverage
  - No-Exception Top-Level Method Coverage
  - Context Branch Coverage
* Setting up search algorithm for whole suite generation
* Loaded 21 tests from /home/gongas/Desktop/3ano2sem/ATS_Aulas/ATS/SpotifyUM_Maven/.evosuite/evosuite-seeds/org.Model.Music.MusicMultimedia.seed
* Total number of test goals: 
  - Line 20
  - Branch 17
  - Exception 0
  - MutationFactory 24
  - Output 17
  - Method 8
  - MethodNoException 8
  - CBranchFitnessFactory 17
* Using seed 1778265365264
* Starting evolution
* Search finished after 53s and 1183 generations, 354021 statements, best individual has fitness: 3.5
* Writing sequences to pool
* Minimizing test suite
* Going to analyze the coverage criteria
* Coverage analysis for criterion LINE
* Coverage of criterion LINE: 100%
* Total number of goals: 20
* Number of covered goals: 20
* Coverage analysis for criterion BRANCH
* Coverage of criterion BRANCH: 100%
* Total number of goals: 17
* Number of covered goals: 17
* Coverage analysis for criterion EXCEPTION
* Coverage of criterion EXCEPTION: 100%
* Total number of goals: 1
* Number of covered goals: 1
* Coverage analysis for criterion WEAKMUTATION
* Coverage of criterion WEAKMUTATION: 100%
* Total number of goals: 24
* Number of covered goals: 24
* Coverage analysis for criterion OUTPUT
* Coverage of criterion OUTPUT: 82%
* Total number of goals: 17
* Number of covered goals: 14
* Coverage analysis for criterion METHOD
* Coverage of criterion METHOD: 100%
* Total number of goals: 8
* Number of covered goals: 8
* Coverage analysis for criterion METHODNOEXCEPTION
* Coverage of criterion METHODNOEXCEPTION: 100%
* Total number of goals: 8
* Number of covered goals: 8
* Coverage analysis for criterion CBRANCH
* Coverage of criterion CBRANCH: 100%
* Total number of goals: 17
* Number of covered goals: 17
* Generated 16 tests with total length 39
* Resulting test suite's coverage: 98% (average coverage for all fitness functions)
* Generating assertions
* Resulting test suite's mutation score: 94%
* Compiling and checking tests
[MASTER] 19:37:03.240 [pool-2-thread-1] WARN  JUnitAnalyzer - Found unstable test named test0 -> class java.lang.AssertionError: null
[MASTER] 19:37:03.241 [pool-2-thread-1] WARN  JUnitAnalyzer - Failing test:
 MusicMultimedia musicMultimedia0 = new MusicMultimedia("K", "K", "K", "K", (String) null, "K", "K", (-449), true, (String) null);
MusicMultimedia musicMultimedia1 = new MusicMultimedia("K", (String) null, "MusicaMultimedia{Nome: K\nInterprete: K\nEditora: K\nLetra: K\nLinhas Musicais: null\nGenero Musical: K\nAlbum: K\nDuracao: -449\nReproducoes: 0\nExplicita: Sim\n, url='null'}", "MusicaMultimedia{Nome: K\nInterprete: K\nEditora: K\nLetra: K\nLinhas Musicais: null\nGenero Musical: K\nAlbum: K\nDuracao: -449\nReproducoes: 0\nExplicita: Sim\n, url='null'}", "K", "K", "K", (-449), true, "K");
boolean boolean0 = musicMultimedia0.equals(musicMultimedia1);
assertFalse(boolean0);
assertTrue(musicMultimedia1.equals((Object)musicMultimedia0));


* Writing JUnit test case 'MusicMultimedia_ESTest' to /home/gongas/Desktop/3ano2sem/ATS_Aulas/ATS/SpotifyUM_Maven/.evosuite/tmp_2026_05_08_19_01_01/tests
* Done!

